<?xml version="1.0" encoding="UTF-8"?>
<robot generator="Robot 6.0.2 (Python 3.10.2 on win32)" generated="20230221 19:03:59.321" rpa="false" schemaversion="3">
<suite id="s1" name="Bmw.Test" source="C:\Users\Lenovo\OneDrive\Desktop\Roboy\Projekt\BMWAutomation\bmw.test.robot">
<test id="s1-t1" name="Denied Login with Wrong Credentials" line="28">
<kw name="Open Browser To Given URL">
<kw name="Open Browser" library="SeleniumLibrary">
<arg>${LOGIN URL}</arg>
<arg>chrome</arg>
<doc>Opens a new browser instance to the optional ``url``.</doc>
<msg timestamp="20230221 19:03:59.722" level="INFO">Opening browser 'chrome' to base url 'https://www.bmw.pl/pl/shop/ls/cp/connected-drive'.</msg>
<status status="PASS" starttime="20230221 19:03:59.722" endtime="20230221 19:04:06.261"/>
</kw>
<status status="PASS" starttime="20230221 19:03:59.722" endtime="20230221 19:04:06.261"/>
</kw>
<kw name="Click Element" library="SeleniumLibrary">
<arg>${LOGIN_BUTTON_1}</arg>
<doc>Click the element identified by ``locator``.</doc>
<msg timestamp="20230221 19:04:06.262" level="INFO">Clicking element '//*[@id="__next"]/div[2]/div[7]/div/div/div[3]/div/div/div/a[2]/button'.</msg>
<status status="PASS" starttime="20230221 19:04:06.261" endtime="20230221 19:04:07.992"/>
</kw>
<kw name="Sleep" library="BuiltIn">
<arg>${SLEEP}</arg>
<doc>Pauses the test executed for the given time.</doc>
<msg timestamp="20230221 19:04:11.006" level="INFO">Slept 3 seconds</msg>
<status status="PASS" starttime="20230221 19:04:07.992" endtime="20230221 19:04:11.006"/>
</kw>
<kw name="Set Focus To Element" library="SeleniumLibrary">
<arg>${LOGIN_INPUT}</arg>
<doc>Sets the focus to the element identified by ``locator``.</doc>
<status status="PASS" starttime="20230221 19:04:11.006" endtime="20230221 19:04:11.029"/>
</kw>
<kw name="Input Text" library="SeleniumLibrary">
<arg>${LOGIN_INPUT}</arg>
<arg>${INVALID_LOGIN}</arg>
<doc>Types the given ``text`` into the text field identified by ``locator``.</doc>
<msg timestamp="20230221 19:04:11.031" level="INFO">Typing text 'test@gmail.com' into text field '//*[@id="email"]'.</msg>
<status status="PASS" starttime="20230221 19:04:11.030" endtime="20230221 19:04:11.527"/>
</kw>
<kw name="Set Focus To Element" library="SeleniumLibrary">
<arg>${PASS_INPUT}</arg>
<doc>Sets the focus to the element identified by ``locator``.</doc>
<status status="PASS" starttime="20230221 19:04:11.527" endtime="20230221 19:04:11.575"/>
</kw>
<kw name="Input Text" library="SeleniumLibrary">
<arg>${PASS_INPUT}</arg>
<arg>${INVALID_PASS}</arg>
<doc>Types the given ``text`` into the text field identified by ``locator``.</doc>
<msg timestamp="20230221 19:04:11.575" level="INFO">Typing text 'testPassword' into text field '//*[@id="password"]'.</msg>
<status status="PASS" starttime="20230221 19:04:11.575" endtime="20230221 19:04:12.010"/>
</kw>
<kw name="Sleep" library="BuiltIn">
<arg>${SLEEP}</arg>
<doc>Pauses the test executed for the given time.</doc>
<msg timestamp="20230221 19:04:15.018" level="INFO">Slept 3 seconds</msg>
<status status="PASS" starttime="20230221 19:04:12.010" endtime="20230221 19:04:15.018"/>
</kw>
<kw name="Press Key" library="SeleniumLibrary">
<arg>${LOGIN_BUTTON_2}</arg>
<arg>${TAB}</arg>
<doc>*DEPRECATED in SeleniumLibrary 4.0.* use `Press Keys` instead.</doc>
<msg timestamp="20230221 19:04:15.018" level="WARN">Keyword 'SeleniumLibrary.Press Key' is deprecated. use `Press Keys` instead.</msg>
<status status="PASS" starttime="20230221 19:04:15.018" endtime="20230221 19:04:15.100"/>
</kw>
<kw name="Click Element" library="SeleniumLibrary">
<arg>${LOGIN_BUTTON_2}</arg>
<doc>Click the element identified by ``locator``.</doc>
<msg timestamp="20230221 19:04:15.101" level="INFO">Clicking element '//*[@id="login-form"]/div[3]/div[2]/button'.</msg>
<status status="PASS" starttime="20230221 19:04:15.100" endtime="20230221 19:04:15.181"/>
</kw>
<kw name="Sleep" library="BuiltIn">
<arg>${SLEEP}</arg>
<doc>Pauses the test executed for the given time.</doc>
<msg timestamp="20230221 19:04:18.195" level="INFO">Slept 3 seconds</msg>
<status status="PASS" starttime="20230221 19:04:15.182" endtime="20230221 19:04:18.195"/>
</kw>
<kw name="Capture Page Screenshot" library="SeleniumLibrary">
<doc>Takes a screenshot of the current page and embeds it into a log file.</doc>
<msg timestamp="20230221 19:04:18.495" level="INFO" html="true">&lt;/td&gt;&lt;/tr&gt;&lt;tr&gt;&lt;td colspan="3"&gt;&lt;a href="selenium-screenshot-3.png"&gt;&lt;img src="selenium-screenshot-3.png" width="800px"&gt;&lt;/a&gt;</msg>
<status status="PASS" starttime="20230221 19:04:18.195" endtime="20230221 19:04:18.495"/>
</kw>
<kw name="Close Browser" library="SeleniumLibrary">
<doc>Closes the current browser.</doc>
<status status="PASS" starttime="20230221 19:04:18.495" endtime="20230221 19:04:20.677"/>
</kw>
<tag>negative</tag>
<status status="PASS" starttime="20230221 19:03:59.722" endtime="20230221 19:04:20.677"/>
</test>
<test id="s1-t2" name="Product added to the BMW shopping cart" line="44">
<kw name="Open Browser To Given URL">
<kw name="Open Browser" library="SeleniumLibrary">
<arg>${LOGIN URL}</arg>
<arg>chrome</arg>
<doc>Opens a new browser instance to the optional ``url``.</doc>
<msg timestamp="20230221 19:04:20.677" level="INFO">Opening browser 'chrome' to base url 'https://www.bmw.pl/pl/shop/ls/cp/connected-drive'.</msg>
<status status="PASS" starttime="20230221 19:04:20.677" endtime="20230221 19:04:24.896"/>
</kw>
<status status="PASS" starttime="20230221 19:04:20.677" endtime="20230221 19:04:24.897"/>
</kw>
<kw name="Click Element" library="SeleniumLibrary">
<arg>${PRODUCT}</arg>
<doc>Click the element identified by ``locator``.</doc>
<msg timestamp="20230221 19:04:24.900" level="INFO">Clicking element '//*[@id="__next"]/div[2]/div[8]/div[2]/div[4]/div[3]/button[1]'.</msg>
<status status="PASS" starttime="20230221 19:04:24.897" endtime="20230221 19:04:25.004"/>
</kw>
<kw name="Sleep" library="BuiltIn">
<arg>${SLEEP}</arg>
<doc>Pauses the test executed for the given time.</doc>
<msg timestamp="20230221 19:04:28.006" level="INFO">Slept 3 seconds</msg>
<status status="PASS" starttime="20230221 19:04:25.004" endtime="20230221 19:04:28.006"/>
</kw>
<kw name="Click Element" library="SeleniumLibrary">
<arg>${SHOPPING_CART}</arg>
<doc>Click the element identified by ``locator``.</doc>
<msg timestamp="20230221 19:04:28.006" level="INFO">Clicking element '//*[@id="__next"]/div[2]/div[1]/div/div/div/div[2]/div/a[1]'.</msg>
<status status="PASS" starttime="20230221 19:04:28.006" endtime="20230221 19:04:29.780"/>
</kw>
<kw name="Sleep" library="BuiltIn">
<arg>${SLEEP}</arg>
<doc>Pauses the test executed for the given time.</doc>
<msg timestamp="20230221 19:04:32.794" level="INFO">Slept 3 seconds</msg>
<status status="PASS" starttime="20230221 19:04:29.780" endtime="20230221 19:04:32.794"/>
</kw>
<kw name="Wait Until Element Contains" library="SeleniumLibrary">
<arg>${PRODUCT_DELETE}</arg>
<arg>${DELETE_LABEL}</arg>
<doc>Waits until the element ``locator`` contains ``text``.</doc>
<status status="PASS" starttime="20230221 19:04:32.794" endtime="20230221 19:04:32.825"/>
</kw>
<kw name="Capture Page Screenshot" library="SeleniumLibrary">
<doc>Takes a screenshot of the current page and embeds it into a log file.</doc>
<msg timestamp="20230221 19:04:32.947" level="INFO" html="true">&lt;/td&gt;&lt;/tr&gt;&lt;tr&gt;&lt;td colspan="3"&gt;&lt;a href="selenium-screenshot-4.png"&gt;&lt;img src="selenium-screenshot-4.png" width="800px"&gt;&lt;/a&gt;</msg>
<status status="PASS" starttime="20230221 19:04:32.825" endtime="20230221 19:04:32.947"/>
</kw>
<kw name="Close Browser" library="SeleniumLibrary">
<doc>Closes the current browser.</doc>
<status status="PASS" starttime="20230221 19:04:32.947" endtime="20230221 19:04:35.123"/>
</kw>
<tag>positive</tag>
<status status="PASS" starttime="20230221 19:04:20.677" endtime="20230221 19:04:35.123"/>
</test>
<doc>This class consist of two test cases.
First one is a negative scenario, where user cannot login when invalid credentials are used.
Second one is a positive scenario, where user can add a product to the shopping cart.</doc>
<status status="PASS" starttime="20230221 19:03:59.321" endtime="20230221 19:04:35.123"/>
</suite>
<statistics>
<total>
<stat pass="2" fail="0" skip="0">All Tests</stat>
</total>
<tag>
<stat pass="1" fail="0" skip="0">negative</stat>
<stat pass="1" fail="0" skip="0">positive</stat>
</tag>
<suite>
<stat pass="2" fail="0" skip="0" id="s1" name="Bmw.Test">Bmw.Test</stat>
</suite>
</statistics>
<errors>
<msg timestamp="20230221 19:04:15.018" level="WARN">Keyword 'SeleniumLibrary.Press Key' is deprecated. use `Press Keys` instead.</msg>
</errors>
</robot>
